<?xml version="1.0" encoding="UTF-8"?>
<!-- Generated by org.testng.reporters.JUnitReportReporter -->
<testsuite hostname="Tests-MacBook-Pro.local" failures="0" tests="1" name="testscript.AddHighestPriceDressTestToCart" time="10.443" errors="0" timestamp="2022-05-11T14:08:17 BST" skipped="0">
  <testcase classname="testscript.AddHighestPriceDressTestToCart" name="selectHighestPriceDress" time="10.443"/>
  <system-out>
    <![CDATA[test step]]>
  </system-out>
</testsuite> <!-- testscript.AddHighestPriceDressTestToCart -->
