<?xml version="1.0" encoding="UTF-8"?>
<!-- Generated by org.testng.reporters.JUnitReportReporter -->
<testsuite hostname="Tests-MacBook-Pro.local" failures="0" tests="1" name="testscript.AddHighestPriceDressToCartTest" time="20.159" errors="0" timestamp="2022-05-12T11:47:47 BST" skipped="0">
  <testcase classname="testscript.AddHighestPriceDressToCartTest" name="selectHighestPriceDressTest" time="20.159"/>
  <system-out>
    <![CDATA[Navigating to URL: http://automationpractice.com/index.php
Navigating from the Home page to the Dresses page
Finding the highest price dress
Highest price dress found; Price = 50.99
Selecting the highest price dress]]>
  </system-out>
</testsuite> <!-- testscript.AddHighestPriceDressToCartTest -->
