<?xml version="1.0" encoding="UTF-8"?>
<!-- Generated by org.testng.reporters.JUnitReportReporter -->
<testsuite hostname="Tests-MacBook-Pro.local" failures="0" tests="1" name="testscript.AddHighestPriceDressToCartTest" time="32.618" errors="0" timestamp="2022-05-13T12:14:31 BST" skipped="0">
  <testcase classname="testscript.AddHighestPriceDressToCartTest" name="addHighestPriceDressToCartTest" time="32.618"/>
  <system-out>
    <![CDATA[Navigating to URL: http://automationpractice.com/index.php
Navigating from the Home page to the Dresses page
Finding the highest price dress
Highest price dress found; Name = Printed Dress, Price = 50.99
Selecting the highest price dress
Recording all product info into a data validation object, for validation later on
Adding the Printed Dress product to the cart
Clicking the Proceed to checkout button from the popup that appears after adding a product to the cart
Checking that the Printed Dress product with SKU demo_4 is in the cart
Success: The Printed Dress product with SKU demo_4 is in the cart
addHighestPriceDressTestToCart test completed successfully]]>
  </system-out>
</testsuite> <!-- testscript.AddHighestPriceDressToCartTest -->
